<?xml version="1.0" encoding="UTF-8"?>
<!-- Generated by org.testng.reporters.JUnitXMLReporter -->
<testsuite hostname="LAPTOP-KR2Q4MNQ" ignored="0" name="parrTest" tests="3" failures="0" timestamp="13 Feb 2018 16:12:56 GMT" time="23.597" errors="0">
  <testcase name="googleSearchTest" time="2.739" classname="testngdemo.NewTest1"/>
  <testcase name="linked" time="3.199" classname="testngdemo.NewTest2"/>
  <testcase name="rediff" time="6.307" classname="testngdemo.NewTest3"/>
</testsuite> <!-- parrTest -->
