<?xml version="1.0" encoding="UTF-8"?>
<!-- Generated by org.testng.reporters.JUnitXMLReporter -->
<testsuite hostname="LAPTOP-KR2Q4MNQ" ignored="0" name="Test" tests="3" failures="0" timestamp="10 Feb 2018 16:19:02 GMT" time="12.743" errors="0">
  <testcase name="navigateUrl" time="2.12" classname="testngdemo.ParametersTest"/>
  <testcase name="signIn" time="1.038" classname="testngdemo.ParametersTest"/>
  <testcase name="logoutTest" time="4.32" classname="testngdemo.ParametersTest"/>
</testsuite> <!-- Test -->
