<?xml version="1.0" encoding="UTF-8"?>
<!-- Generated by org.testng.reporters.JUnitXMLReporter -->
<testsuite hostname="LAPTOP-KR2Q4MNQ" ignored="0" name="parrtestTest3" tests="3" failures="0" timestamp="13 Feb 2018 18:40:09 GMT" time="36.543" errors="0">
  <testcase name="googleSearchTest" time="1.336" classname="testngdemo.NewTest1"/>
  <testcase name="linked" time="3.393" classname="testngdemo.NewTest2"/>
  <testcase name="rediff" time="6.317" classname="testngdemo.NewTest3"/>
</testsuite> <!-- parrtestTest3 -->
