<?xml version="1.0" encoding="UTF-8"?>
<!-- Generated by org.testng.reporters.JUnitXMLReporter -->
<testsuite hostname="LAPTOP-KR2Q4MNQ" ignored="0" name="parrtestTest1" tests="3" failures="0" timestamp="13 Feb 2018 18:38:57 GMT" time="37.268" errors="0">
  <testcase name="googleSearchTest" time="1.414" classname="testngdemo.NewTest1"/>
  <testcase name="linked" time="3.141" classname="testngdemo.NewTest2"/>
  <testcase name="rediff" time="6.297" classname="testngdemo.NewTest3"/>
</testsuite> <!-- parrtestTest1 -->
