<?xml version="1.0" encoding="UTF-8"?>
<testng-results skipped="0" failed="0" ignored="0" total="1" passed="1">
  <reporter-output>
  </reporter-output>
  <suite name="Default suite" duration-ms="13345" started-at="2018-02-14T21:10:04Z" finished-at="2018-02-14T21:10:18Z">
    <groups>
    </groups>
    <test name="Default test" duration-ms="13345" started-at="2018-02-14T21:10:04Z" finished-at="2018-02-14T21:10:18Z">
      <class name="testngdemo.ExcelTest">
        <test-method status="PASS" signature="loginGmail()[pri:0, instance:testngdemo.ExcelTest@4501b7af]" name="loginGmail" duration-ms="13299" started-at="2018-02-14T16:10:04Z" finished-at="2018-02-14T16:10:18Z">
          <reporter-output>
          </reporter-output>
        </test-method> <!-- loginGmail -->
      </class> <!-- testngdemo.ExcelTest -->
    </test> <!-- Default test -->
  </suite> <!-- Default suite -->
</testng-results>
